# JRE version: OpenJDK Runtime Environment (8.0_212-b04) (build 1.8.0_212-release-1586-b04)
# Java VM: OpenJDK 64-Bit Server VM (25.212-b04 mixed mode windows-amd64 compressed oops)
Heap:
 PSYoungGen      total 143872K, used 69700K [0x00000000e0000000, 0x00000000e9900000, 0x0000000100000000)
  eden space 131072K, 43% used [0x00000000e0000000,0x00000000e3794340,0x00000000e8000000)
  from space 12800K, 99% used [0x00000000e8000000,0x00000000e8c7ccf8,0x00000000e8c80000)
  to   space 12288K, 0% used [0x00000000e8d00000,0x00000000e8d00000,0x00000000e9900000)
 ParOldGen       total 79360K, used 21401K [0x00000000a0000000, 0x00000000a4d80000, 0x00000000e0000000)
  object space 79360K, 26% used [0x00000000a0000000,0x00000000a14e6698,0x00000000a4d80000)
 Metaspace       used 49478K, capacity 51154K, committed 51496K, reserved 1093632K
  class space    used 6651K, capacity 7093K, committed 7208K, reserved 1048576K
GC Heap History (10 events):
Event: 8.849 GC heap before
{Heap before GC invocations=7 (full 1):
 PSYoungGen      total 143360K, used 5257K [0x00000000e0000000, 0x00000000e9900000, 0x0000000100000000)
  eden space 131072K, 0% used [0x00000000e0000000,0x00000000e0000000,0x00000000e8000000)
  from space 12288K, 42% used [0x00000000e8d00000,0x00000000e9222650,0x00000000e9900000)
  to   space 12800K, 0% used [0x00000000e8000000,0x00000000e8000000,0x00000000e8c80000)
 ParOldGen       total 86016K, used 11879K [0x00000000a0000000, 0x00000000a5400000, 0x00000000e0000000)
  object space 86016K, 13% used [0x00000000a0000000,0x00000000a0b99f40,0x00000000a5400000)
 Metaspace       used 20753K, capacity 21238K, committed 21296K, reserved 1067008K
  class space    used 3003K, capacity 3168K, committed 3200K, reserved 1048576K
Event: 8.932 GC heap after
Heap after GC invocations=7 (full 1):
 PSYoungGen      total 143360K, used 0K [0x00000000e0000000, 0x00000000e9900000, 0x0000000100000000)
  eden space 131072K, 0% used [0x00000000e0000000,0x00000000e0000000,0x00000000e8000000)
  from space 12288K, 0% used [0x00000000e8d00000,0x00000000e8d00000,0x00000000e9900000)
  to   space 12800K, 0% used [0x00000000e8000000,0x00000000e8000000,0x00000000e8c80000)
 ParOldGen       total 54272K, used 7752K [0x00000000a0000000, 0x00000000a3500000, 0x00000000e0000000)
  object space 54272K, 14% used [0x00000000a0000000,0x00000000a0792358,0x00000000a3500000)
 Metaspace       used 20753K, capacity 21238K, committed 21296K, reserved 1067008K
  class space    used 3003K, capacity 3168K, committed 3200K, reserved 1048576K
}
Event: 13.781 GC heap before
{Heap before GC invocations=8 (full 1):
 PSYoungGen      total 143360K, used 131072K [0x00000000e0000000, 0x00000000e9900000, 0x0000000100000000)
  eden space 131072K, 100% used [0x00000000e0000000,0x00000000e8000000,0x00000000e8000000)
  from space 12288K, 0% used [0x00000000e8d00000,0x00000000e8d00000,0x00000000e9900000)
  to   space 12800K, 0% used [0x00000000e8000000,0x00000000e8000000,0x00000000e8c80000)
 ParOldGen       total 54272K, used 7752K [0x00000000a0000000, 0x00000000a3500000, 0x00000000e0000000)
  object space 54272K, 14% used [0x00000000a0000000,0x00000000a0792358,0x00000000a3500000)
 Metaspace       used 31853K, capacity 32644K, committed 32768K, reserved 1077248K
  class space    used 4301K, capacity 4545K, committed 4608K, reserved 1048576K
Event: 13.791 GC heap after
Heap after GC invocations=8 (full 1):
 PSYoungGen      total 143872K, used 12353K [0x00000000e0000000, 0x00000000e9900000, 0x0000000100000000)
  eden space 131072K, 0% used [0x00000000e0000000,0x00000000e0000000,0x00000000e8000000)
  from space 12800K, 96% used [0x00000000e8000000,0x00000000e8c104f8,0x00000000e8c80000)
  to   space 12288K, 0% used [0x00000000e8d00000,0x00000000e8d00000,0x00000000e9900000)
 ParOldGen       total 54272K, used 7760K [0x00000000a0000000, 0x00000000a3500000, 0x00000000e0000000)
  object space 54272K, 14% used [0x00000000a0000000,0x00000000a0794358,0x00000000a3500000)
 Metaspace       used 31853K, capacity 32644K, committed 32768K, reserved 1077248K
  class space    used 4301K, capacity 4545K, committed 4608K, reserved 1048576K
}
Event: 15.504 GC heap before
{Heap before GC invocations=9 (full 1):
 PSYoungGen      total 143872K, used 79428K [0x00000000e0000000, 0x00000000e9900000, 0x0000000100000000)
  eden space 131072K, 51% used [0x00000000e0000000,0x00000000e4180de8,0x00000000e8000000)
  from space 12800K, 96% used [0x00000000e8000000,0x00000000e8c104f8,0x00000000e8c80000)
  to   space 12288K, 0% used [0x00000000e8d00000,0x00000000e8d00000,0x00000000e9900000)
 ParOldGen       total 54272K, used 7760K [0x00000000a0000000, 0x00000000a3500000, 0x00000000e0000000)
  object space 54272K, 14% used [0x00000000a0000000,0x00000000a0794358,0x00000000a3500000)
 Metaspace       used 34722K, capacity 35450K, committed 35496K, reserved 1079296K
  class space    used 4781K, capacity 5026K, committed 5032K, reserved 1048576K
Event: 15.514 GC heap after
Heap after GC invocations=9 (full 1):
 PSYoungGen      total 143360K, used 11372K [0x00000000e0000000, 0x00000000e9900000, 0x0000000100000000)
  eden space 131072K, 0% used [0x00000000e0000000,0x00000000e0000000,0x00000000e8000000)
  from space 12288K, 92% used [0x00000000e8d00000,0x00000000e981b1e0,0x00000000e9900000)
  to   space 12800K, 0% used [0x00000000e8000000,0x00000000e8000000,0x00000000e8c80000)
 ParOldGen       total 54272K, used 7768K [0x00000000a0000000, 0x00000000a3500000, 0x00000000e0000000)
  object space 54272K, 14% used [0x00000000a0000000,0x00000000a0796358,0x00000000a3500000)
 Metaspace       used 34722K, capacity 35450K, committed 35496K, reserved 1079296K
  class space    used 4781K, capacity 5026K, committed 5032K, reserved 1048576K
}
Event: 15.514 GC heap before
{Heap before GC invocations=10 (full 2):
 PSYoungGen      total 143360K, used 11372K [0x00000000e0000000, 0x00000000e9900000, 0x0000000100000000)
  eden space 131072K, 0% used [0x00000000e0000000,0x00000000e0000000,0x00000000e8000000)
  from space 12288K, 92% used [0x00000000e8d00000,0x00000000e981b1e0,0x00000000e9900000)
  to   space 12800K, 0% used [0x00000000e8000000,0x00000000e8000000,0x00000000e8c80000)
 ParOldGen       total 54272K, used 7768K [0x00000000a0000000, 0x00000000a3500000, 0x00000000e0000000)
  object space 54272K, 14% used [0x00000000a0000000,0x00000000a0796358,0x00000000a3500000)
 Metaspace       used 34722K, capacity 35450K, committed 35496K, reserved 1079296K
  class space    used 4781K, capacity 5026K, committed 5032K, reserved 1048576K
Event: 15.631 GC heap after
Heap after GC invocations=10 (full 2):
 PSYoungGen      total 143360K, used 0K [0x00000000e0000000, 0x00000000e9900000, 0x0000000100000000)
  eden space 131072K, 0% used [0x00000000e0000000,0x00000000e0000000,0x00000000e8000000)
  from space 12288K, 0% used [0x00000000e8d00000,0x00000000e8d00000,0x00000000e9900000)
  to   space 12800K, 0% used [0x00000000e8000000,0x00000000e8000000,0x00000000e8c80000)
 ParOldGen       total 79360K, used 18533K [0x00000000a0000000, 0x00000000a4d80000, 0x00000000e0000000)
  object space 79360K, 23% used [0x00000000a0000000,0x00000000a12197a0,0x00000000a4d80000)
 Metaspace       used 34722K, capacity 35450K, committed 35496K, reserved 1079296K
  class space    used 4781K, capacity 5026K, committed 5032K, reserved 1048576K
}
Event: 24.021 GC heap before
{Heap before GC invocations=11 (full 2):
 PSYoungGen      total 143360K, used 131072K [0x00000000e0000000, 0x00000000e9900000, 0x0000000100000000)
  eden space 131072K, 100% used [0x00000000e0000000,0x00000000e8000000,0x00000000e8000000)
  from space 12288K, 0% used [0x00000000e8d00000,0x00000000e8d00000,0x00000000e9900000)
  to   space 12800K, 0% used [0x00000000e8000000,0x00000000e8000000,0x00000000e8c80000)
 ParOldGen       total 79360K, used 18533K [0x00000000a0000000, 0x00000000a4d80000, 0x00000000e0000000)
  object space 79360K, 23% used [0x00000000a0000000,0x00000000a12197a0,0x00000000a4d80000)
 Metaspace       used 45803K, capacity 47094K, committed 47272K, reserved 1089536K
  class space    used 6196K, capacity 6522K, committed 6568K, reserved 1048576K
Event: 24.029 GC heap after
Heap after GC invocations=11 (full 2):
 PSYoungGen      total 143872K, used 12787K [0x00000000e0000000, 0x00000000e9900000, 0x0000000100000000)
  eden space 131072K, 0% used [0x00000000e0000000,0x00000000e0000000,0x00000000e8000000)
  from space 12800K, 99% used [0x00000000e8000000,0x00000000e8c7ccf8,0x00000000e8c80000)
  to   space 12288K, 0% used [0x00000000e8d00000,0x00000000e8d00000,0x00000000e9900000)
 ParOldGen       total 79360K, used 21401K [0x00000000a0000000, 0x00000000a4d80000, 0x00000000e0000000)
  object space 79360K, 26% used [0x00000000a0000000,0x00000000a14e6698,0x00000000a4d80000)
 Metaspace       used 45803K, capacity 47094K, committed 47272K, reserved 1089536K
  class space    used 6196K, capacity 6522K, committed 6568K, reserved 1048576K
}

